Document: ID=sentences.txt (12 sentences, 82 tokens)

Sentence #1 (5 tokens):
Mary watched her dance.

Tokens:
[Text=Mary CharacterOffsetBegin=0 CharacterOffsetEnd=4 PartOfSpeech=NNP Lemma=Mary NamedEntityTag=PERSON]
[Text=watched CharacterOffsetBegin=5 CharacterOffsetEnd=12 PartOfSpeech=VBD Lemma=watch NamedEntityTag=O]
[Text=her CharacterOffsetBegin=13 CharacterOffsetEnd=16 PartOfSpeech=PRP$ Lemma=she NamedEntityTag=O]
[Text=dance CharacterOffsetBegin=17 CharacterOffsetEnd=22 PartOfSpeech=NN Lemma=dance NamedEntityTag=O]
[Text=. CharacterOffsetBegin=22 CharacterOffsetEnd=23 PartOfSpeech=. Lemma=. NamedEntityTag=O]

Constituency parse: 
(ROOT
  (S
    (NP (NNP Mary))
    (VP (VBD watched)
      (NP (PRP$ her) (NN dance)))
    (. .)))


Dependency Parse (enhanced plus plus dependencies):
root(ROOT-0, watched-2)
nsubj(watched-2, Mary-1)
nmod:poss(dance-4, her-3)
dobj(watched-2, dance-4)
punct(watched-2, .-5)

Extracted the following NER entity mentions:
Mary	PERSON
her	PERSON

Sentence #2 (8 tokens):
Mary watched her get out of bed.

Tokens:
[Text=Mary CharacterOffsetBegin=24 CharacterOffsetEnd=28 PartOfSpeech=NNP Lemma=Mary NamedEntityTag=PERSON]
[Text=watched CharacterOffsetBegin=29 CharacterOffsetEnd=36 PartOfSpeech=VBD Lemma=watch NamedEntityTag=O]
[Text=her CharacterOffsetBegin=37 CharacterOffsetEnd=40 PartOfSpeech=PRP$ Lemma=she NamedEntityTag=O]
[Text=get CharacterOffsetBegin=41 CharacterOffsetEnd=44 PartOfSpeech=VB Lemma=get NamedEntityTag=O]
[Text=out CharacterOffsetBegin=45 CharacterOffsetEnd=48 PartOfSpeech=IN Lemma=out NamedEntityTag=O]
[Text=of CharacterOffsetBegin=49 CharacterOffsetEnd=51 PartOfSpeech=IN Lemma=of NamedEntityTag=O]
[Text=bed CharacterOffsetBegin=52 CharacterOffsetEnd=55 PartOfSpeech=NN Lemma=bed NamedEntityTag=O]
[Text=. CharacterOffsetBegin=55 CharacterOffsetEnd=56 PartOfSpeech=. Lemma=. NamedEntityTag=O]

Constituency parse: 
(ROOT
  (S
    (NP (NNP Mary))
    (VP (VBD watched)
      (S
        (NP (PRP$ her))
        (VP (VB get)
          (PRT (IN out))
          (PP (IN of)
            (NP (NN bed))))))
    (. .)))


Dependency Parse (enhanced plus plus dependencies):
root(ROOT-0, watched-2)
nsubj(watched-2, Mary-1)
nsubj(get-4, her-3)
ccomp(watched-2, get-4)
compound:prt(get-4, out-5)
case(bed-7, of-6)
nmod:of(get-4, bed-7)
punct(watched-2, .-8)

Extracted the following NER entity mentions:
Mary	PERSON
her	PERSON

Sentence #3 (5 tokens):
That must be John.

Tokens:
[Text=That CharacterOffsetBegin=57 CharacterOffsetEnd=61 PartOfSpeech=DT Lemma=that NamedEntityTag=O]
[Text=must CharacterOffsetBegin=62 CharacterOffsetEnd=66 PartOfSpeech=MD Lemma=must NamedEntityTag=O]
[Text=be CharacterOffsetBegin=67 CharacterOffsetEnd=69 PartOfSpeech=VB Lemma=be NamedEntityTag=O]
[Text=John CharacterOffsetBegin=70 CharacterOffsetEnd=74 PartOfSpeech=NNP Lemma=John NamedEntityTag=PERSON]
[Text=. CharacterOffsetBegin=74 CharacterOffsetEnd=75 PartOfSpeech=. Lemma=. NamedEntityTag=O]

Constituency parse: 
(ROOT
  (S
    (NP (DT That))
    (VP (MD must)
      (VP (VB be)
        (NP (NNP John))))
    (. .)))


Dependency Parse (enhanced plus plus dependencies):
root(ROOT-0, John-4)
nsubj(John-4, That-1)
aux(John-4, must-2)
cop(John-4, be-3)
punct(John-4, .-5)

Extracted the following NER entity mentions:
John	PERSON

Sentence #4 (7 tokens):
At least he looks like him.

Tokens:
[Text=At CharacterOffsetBegin=76 CharacterOffsetEnd=78 PartOfSpeech=IN Lemma=at NamedEntityTag=O]
[Text=least CharacterOffsetBegin=79 CharacterOffsetEnd=84 PartOfSpeech=JJS Lemma=least NamedEntityTag=O]
[Text=he CharacterOffsetBegin=85 CharacterOffsetEnd=87 PartOfSpeech=PRP Lemma=he NamedEntityTag=O]
[Text=looks CharacterOffsetBegin=88 CharacterOffsetEnd=93 PartOfSpeech=VBZ Lemma=look NamedEntityTag=O]
[Text=like CharacterOffsetBegin=94 CharacterOffsetEnd=98 PartOfSpeech=IN Lemma=like NamedEntityTag=O]
[Text=him CharacterOffsetBegin=99 CharacterOffsetEnd=102 PartOfSpeech=PRP Lemma=he NamedEntityTag=O]
[Text=. CharacterOffsetBegin=102 CharacterOffsetEnd=103 PartOfSpeech=. Lemma=. NamedEntityTag=O]

Constituency parse: 
(ROOT
  (S
    (ADVP (IN At) (JJS least))
    (NP (PRP he))
    (VP (VBZ looks)
      (PP (IN like)
        (NP (PRP him))))
    (. .)))


Dependency Parse (enhanced plus plus dependencies):
root(ROOT-0, looks-4)
advmod(looks-4, At-1)
mwe(At-1, least-2)
nsubj(looks-4, he-3)
case(him-6, like-5)
nmod:like(looks-4, him-6)
punct(looks-4, .-7)

Extracted the following NER entity mentions:
he	PERSON
him	PERSON

Sentence #5 (5 tokens):
Every bear washes her.

Tokens:
[Text=Every CharacterOffsetBegin=104 CharacterOffsetEnd=109 PartOfSpeech=DT Lemma=every NamedEntityTag=O]
[Text=bear CharacterOffsetBegin=110 CharacterOffsetEnd=114 PartOfSpeech=NN Lemma=bear NamedEntityTag=O]
[Text=washes CharacterOffsetBegin=115 CharacterOffsetEnd=121 PartOfSpeech=VBZ Lemma=wash NamedEntityTag=O]
[Text=her CharacterOffsetBegin=122 CharacterOffsetEnd=125 PartOfSpeech=PRP Lemma=she NamedEntityTag=O]
[Text=. CharacterOffsetBegin=125 CharacterOffsetEnd=126 PartOfSpeech=. Lemma=. NamedEntityTag=O]

Constituency parse: 
(ROOT
  (S
    (NP (DT Every) (NN bear))
    (VP (VBZ washes)
      (NP (PRP her)))
    (. .)))


Dependency Parse (enhanced plus plus dependencies):
root(ROOT-0, washes-3)
det(bear-2, Every-1)
nsubj(washes-3, bear-2)
dobj(washes-3, her-4)
punct(washes-3, .-5)

Extracted the following NER entity mentions:
her	PERSON

Sentence #6 (9 tokens):
Lucy's mother sees herself play the piano.

Tokens:
[Text=Lucy CharacterOffsetBegin=127 CharacterOffsetEnd=131 PartOfSpeech=NNP Lemma=Lucy NamedEntityTag=PERSON]
[Text='s CharacterOffsetBegin=131 CharacterOffsetEnd=133 PartOfSpeech=POS Lemma='s NamedEntityTag=O]
[Text=mother CharacterOffsetBegin=134 CharacterOffsetEnd=140 PartOfSpeech=NN Lemma=mother NamedEntityTag=O]
[Text=sees CharacterOffsetBegin=141 CharacterOffsetEnd=145 PartOfSpeech=VBZ Lemma=see NamedEntityTag=O]
[Text=herself CharacterOffsetBegin=146 CharacterOffsetEnd=153 PartOfSpeech=PRP Lemma=herself NamedEntityTag=O]
[Text=play CharacterOffsetBegin=154 CharacterOffsetEnd=158 PartOfSpeech=VB Lemma=play NamedEntityTag=O]
[Text=the CharacterOffsetBegin=159 CharacterOffsetEnd=162 PartOfSpeech=DT Lemma=the NamedEntityTag=O]
[Text=piano CharacterOffsetBegin=163 CharacterOffsetEnd=168 PartOfSpeech=NN Lemma=piano NamedEntityTag=O]
[Text=. CharacterOffsetBegin=168 CharacterOffsetEnd=169 PartOfSpeech=. Lemma=. NamedEntityTag=O]

Constituency parse: 
(ROOT
  (S
    (NP
      (NP (NNP Lucy) (POS 's))
      (NN mother))
    (VP (VBZ sees)
      (S
        (NP (PRP herself))
        (VP (VB play)
          (NP (DT the) (NN piano)))))
    (. .)))


Dependency Parse (enhanced plus plus dependencies):
root(ROOT-0, sees-4)
nmod:poss(mother-3, Lucy-1)
case(Lucy-1, 's-2)
nsubj(sees-4, mother-3)
nsubj(play-6, herself-5)
ccomp(sees-4, play-6)
det(piano-8, the-7)
dobj(play-6, piano-8)
punct(sees-4, .-9)

Extracted the following NER entity mentions:
Lucy	PERSON

Sentence #7 (9 tokens):
Lucy's mother sees her play the piano.

Tokens:
[Text=Lucy CharacterOffsetBegin=170 CharacterOffsetEnd=174 PartOfSpeech=NNP Lemma=Lucy NamedEntityTag=PERSON]
[Text='s CharacterOffsetBegin=174 CharacterOffsetEnd=176 PartOfSpeech=POS Lemma='s NamedEntityTag=O]
[Text=mother CharacterOffsetBegin=177 CharacterOffsetEnd=183 PartOfSpeech=NN Lemma=mother NamedEntityTag=O]
[Text=sees CharacterOffsetBegin=184 CharacterOffsetEnd=188 PartOfSpeech=VBZ Lemma=see NamedEntityTag=O]
[Text=her CharacterOffsetBegin=189 CharacterOffsetEnd=192 PartOfSpeech=PRP$ Lemma=she NamedEntityTag=O]
[Text=play CharacterOffsetBegin=193 CharacterOffsetEnd=197 PartOfSpeech=NN Lemma=play NamedEntityTag=O]
[Text=the CharacterOffsetBegin=198 CharacterOffsetEnd=201 PartOfSpeech=DT Lemma=the NamedEntityTag=O]
[Text=piano CharacterOffsetBegin=202 CharacterOffsetEnd=207 PartOfSpeech=NN Lemma=piano NamedEntityTag=O]
[Text=. CharacterOffsetBegin=207 CharacterOffsetEnd=208 PartOfSpeech=. Lemma=. NamedEntityTag=O]

Constituency parse: 
(ROOT
  (S
    (NP
      (NP (NNP Lucy) (POS 's))
      (NN mother))
    (VP (VBZ sees)
      (S
        (NP (PRP$ her) (NN play))
        (NP (DT the) (NN piano))))
    (. .)))


Dependency Parse (enhanced plus plus dependencies):
root(ROOT-0, sees-4)
nmod:poss(mother-3, Lucy-1)
case(Lucy-1, 's-2)
nsubj(sees-4, mother-3)
nmod:poss(play-6, her-5)
nsubj(piano-8, play-6)
det(piano-8, the-7)
xcomp(sees-4, piano-8)
punct(sees-4, .-9)

Extracted the following NER entity mentions:
Lucy	PERSON
her	PERSON

Sentence #8 (7 tokens):
Mary's mother watches her dance.

Tokens:
[Text=Mary CharacterOffsetBegin=209 CharacterOffsetEnd=213 PartOfSpeech=NNP Lemma=Mary NamedEntityTag=PERSON]
[Text='s CharacterOffsetBegin=213 CharacterOffsetEnd=215 PartOfSpeech=POS Lemma='s NamedEntityTag=O]
[Text=mother CharacterOffsetBegin=216 CharacterOffsetEnd=222 PartOfSpeech=NN Lemma=mother NamedEntityTag=O]
[Text=watches CharacterOffsetBegin=223 CharacterOffsetEnd=230 PartOfSpeech=VBZ Lemma=watch NamedEntityTag=O]
[Text=her CharacterOffsetBegin=231 CharacterOffsetEnd=234 PartOfSpeech=PRP$ Lemma=she NamedEntityTag=O]
[Text=dance CharacterOffsetBegin=235 CharacterOffsetEnd=240 PartOfSpeech=NN Lemma=dance NamedEntityTag=O]
[Text=. CharacterOffsetBegin=240 CharacterOffsetEnd=241 PartOfSpeech=. Lemma=. NamedEntityTag=O]

Constituency parse: 
(ROOT
  (S
    (NP
      (NP (NNP Mary) (POS 's))
      (NN mother))
    (VP (VBZ watches)
      (NP (PRP$ her) (NN dance)))
    (. .)))


Dependency Parse (enhanced plus plus dependencies):
root(ROOT-0, watches-4)
nmod:poss(mother-3, Mary-1)
case(Mary-1, 's-2)
nsubj(watches-4, mother-3)
nmod:poss(dance-6, her-5)
dobj(watches-4, dance-6)
punct(watches-4, .-7)

Extracted the following NER entity mentions:
Mary	PERSON
her	PERSON

Sentence #9 (7 tokens):
Mary's mother watches herself dance.

Tokens:
[Text=Mary CharacterOffsetBegin=242 CharacterOffsetEnd=246 PartOfSpeech=NNP Lemma=Mary NamedEntityTag=PERSON]
[Text='s CharacterOffsetBegin=246 CharacterOffsetEnd=248 PartOfSpeech=POS Lemma='s NamedEntityTag=O]
[Text=mother CharacterOffsetBegin=249 CharacterOffsetEnd=255 PartOfSpeech=NN Lemma=mother NamedEntityTag=O]
[Text=watches CharacterOffsetBegin=256 CharacterOffsetEnd=263 PartOfSpeech=VBZ Lemma=watch NamedEntityTag=O]
[Text=herself CharacterOffsetBegin=264 CharacterOffsetEnd=271 PartOfSpeech=PRP Lemma=herself NamedEntityTag=O]
[Text=dance CharacterOffsetBegin=272 CharacterOffsetEnd=277 PartOfSpeech=NN Lemma=dance NamedEntityTag=O]
[Text=. CharacterOffsetBegin=277 CharacterOffsetEnd=278 PartOfSpeech=. Lemma=. NamedEntityTag=O]

Constituency parse: 
(ROOT
  (S
    (NP
      (NP (NNP Mary) (POS 's))
      (NN mother))
    (VP (VBZ watches)
      (S
        (NP (PRP herself))
        (NP (NN dance))))
    (. .)))


Dependency Parse (enhanced plus plus dependencies):
root(ROOT-0, watches-4)
nmod:poss(mother-3, Mary-1)
case(Mary-1, 's-2)
nsubj(watches-4, mother-3)
nsubj(dance-6, herself-5)
xcomp(watches-4, dance-6)
punct(watches-4, .-7)

Extracted the following NER entity mentions:
Mary	PERSON

Sentence #10 (6 tokens):
Every girl saw her dance.

Tokens:
[Text=Every CharacterOffsetBegin=279 CharacterOffsetEnd=284 PartOfSpeech=DT Lemma=every NamedEntityTag=O]
[Text=girl CharacterOffsetBegin=285 CharacterOffsetEnd=289 PartOfSpeech=NN Lemma=girl NamedEntityTag=O]
[Text=saw CharacterOffsetBegin=290 CharacterOffsetEnd=293 PartOfSpeech=VBD Lemma=see NamedEntityTag=O]
[Text=her CharacterOffsetBegin=294 CharacterOffsetEnd=297 PartOfSpeech=PRP$ Lemma=she NamedEntityTag=O]
[Text=dance CharacterOffsetBegin=298 CharacterOffsetEnd=303 PartOfSpeech=NN Lemma=dance NamedEntityTag=O]
[Text=. CharacterOffsetBegin=303 CharacterOffsetEnd=304 PartOfSpeech=. Lemma=. NamedEntityTag=O]

Constituency parse: 
(ROOT
  (S
    (NP (DT Every) (NN girl))
    (VP (VBD saw)
      (NP (PRP$ her) (NN dance)))
    (. .)))


Dependency Parse (enhanced plus plus dependencies):
root(ROOT-0, saw-3)
det(girl-2, Every-1)
nsubj(saw-3, girl-2)
nmod:poss(dance-5, her-4)
dobj(saw-3, dance-5)
punct(saw-3, .-6)

Extracted the following NER entity mentions:
her	PERSON

Sentence #11 (4 tokens):
John saw himself.

Tokens:
[Text=John CharacterOffsetBegin=305 CharacterOffsetEnd=309 PartOfSpeech=NNP Lemma=John NamedEntityTag=PERSON]
[Text=saw CharacterOffsetBegin=310 CharacterOffsetEnd=313 PartOfSpeech=VBD Lemma=see NamedEntityTag=O]
[Text=himself CharacterOffsetBegin=314 CharacterOffsetEnd=321 PartOfSpeech=PRP Lemma=himself NamedEntityTag=O]
[Text=. CharacterOffsetBegin=321 CharacterOffsetEnd=322 PartOfSpeech=. Lemma=. NamedEntityTag=O]

Constituency parse: 
(ROOT
  (S
    (NP (NNP John))
    (VP (VBD saw)
      (NP (PRP himself)))
    (. .)))


Dependency Parse (enhanced plus plus dependencies):
root(ROOT-0, saw-2)
nsubj(saw-2, John-1)
dobj(saw-2, himself-3)
punct(saw-2, .-4)

Extracted the following NER entity mentions:
John	PERSON

Sentence #12 (10 tokens):
Which picture of himself does John think Bill likes?

Tokens:
[Text=Which CharacterOffsetBegin=323 CharacterOffsetEnd=328 PartOfSpeech=WDT Lemma=which NamedEntityTag=O]
[Text=picture CharacterOffsetBegin=329 CharacterOffsetEnd=336 PartOfSpeech=NN Lemma=picture NamedEntityTag=O]
[Text=of CharacterOffsetBegin=337 CharacterOffsetEnd=339 PartOfSpeech=IN Lemma=of NamedEntityTag=O]
[Text=himself CharacterOffsetBegin=340 CharacterOffsetEnd=347 PartOfSpeech=PRP Lemma=himself NamedEntityTag=O]
[Text=does CharacterOffsetBegin=348 CharacterOffsetEnd=352 PartOfSpeech=VBZ Lemma=do NamedEntityTag=O]
[Text=John CharacterOffsetBegin=353 CharacterOffsetEnd=357 PartOfSpeech=NNP Lemma=John NamedEntityTag=PERSON]
[Text=think CharacterOffsetBegin=358 CharacterOffsetEnd=363 PartOfSpeech=VB Lemma=think NamedEntityTag=O]
[Text=Bill CharacterOffsetBegin=364 CharacterOffsetEnd=368 PartOfSpeech=NNP Lemma=Bill NamedEntityTag=PERSON]
[Text=likes CharacterOffsetBegin=369 CharacterOffsetEnd=374 PartOfSpeech=VBZ Lemma=like NamedEntityTag=O]
[Text=? CharacterOffsetBegin=374 CharacterOffsetEnd=375 PartOfSpeech=. Lemma=? NamedEntityTag=O]

Constituency parse: 
(ROOT
  (SBARQ
    (WHNP (WDT Which)
      (NP (NN picture)
        (PP (IN of)
          (NP (PRP himself)))))
    (SQ (VBZ does)
      (NP (NNP John))
      (VP (VB think)
        (SBAR
          (S
            (NP (NNP Bill))
            (VP (VBZ likes))))))
    (. ?)))


Dependency Parse (enhanced plus plus dependencies):
root(ROOT-0, think-7)
det(picture-2, Which-1)
dobj(think-7, picture-2)
case(himself-4, of-3)
nmod:of(picture-2, himself-4)
aux(think-7, does-5)
nsubj(think-7, John-6)
nsubj(likes-9, Bill-8)
ccomp(think-7, likes-9)
punct(think-7, ?-10)

Extracted the following NER entity mentions:
John	PERSON
Bill	PERSON

Coreference set:
	(1,3,[3,4]) -> (1,1,[1,2]), that is: "her" -> "Mary"
	(2,1,[1,2]) -> (1,1,[1,2]), that is: "Mary" -> "Mary"
	(2,3,[3,4]) -> (1,1,[1,2]), that is: "her" -> "Mary"
	(5,4,[4,5]) -> (1,1,[1,2]), that is: "her" -> "Mary"
	(8,1,[1,3]) -> (1,1,[1,2]), that is: "Mary 's" -> "Mary"
	(9,1,[1,3]) -> (1,1,[1,2]), that is: "Mary 's" -> "Mary"

Coreference set:
	(3,1,[1,2]) -> (1,4,[3,5]), that is: "That" -> "her dance"
	(8,6,[5,7]) -> (1,4,[3,5]), that is: "her dance" -> "her dance"
	(10,5,[4,6]) -> (1,4,[3,5]), that is: "her dance" -> "her dance"

Coreference set:
	(8,5,[5,6]) -> (8,3,[1,4]), that is: "her" -> "Mary 's mother"
	(9,3,[1,4]) -> (8,3,[1,4]), that is: "Mary 's mother" -> "Mary 's mother"
	(9,5,[5,6]) -> (8,3,[1,4]), that is: "herself" -> "Mary 's mother"
	(10,4,[4,5]) -> (8,3,[1,4]), that is: "her" -> "Mary 's mother"

Coreference set:
	(4,3,[3,4]) -> (3,4,[4,5]), that is: "he" -> "John"
	(4,6,[6,7]) -> (3,4,[4,5]), that is: "him" -> "John"
	(11,1,[1,2]) -> (3,4,[4,5]), that is: "John" -> "John"
	(11,3,[3,4]) -> (3,4,[4,5]), that is: "himself" -> "John"
	(12,4,[4,5]) -> (3,4,[4,5]), that is: "himself" -> "John"
	(12,6,[6,7]) -> (3,4,[4,5]), that is: "John" -> "John"

Coreference set:
	(7,1,[1,3]) -> (6,1,[1,3]), that is: "Lucy 's" -> "Lucy 's"

Coreference set:
	(6,5,[5,6]) -> (6,3,[1,4]), that is: "herself" -> "Lucy 's mother"
	(7,3,[1,4]) -> (6,3,[1,4]), that is: "Lucy 's mother" -> "Lucy 's mother"
	(7,5,[5,6]) -> (6,3,[1,4]), that is: "her" -> "Lucy 's mother"

Coreference set:
	(7,8,[7,9]) -> (6,8,[7,9]), that is: "the piano" -> "the piano"
